1501158207451	geckodriver	INFO	geckodriver 0.18.0
1501158207457	geckodriver	INFO	Listening on 127.0.0.1:56995
1501158208545	geckodriver::marionette	INFO	Starting browser /usr/bin/firefox with args ["-marionette"]
1501158210628	Marionette	INFO	Listening on port 45247
1501158210668	Marionette	WARN	TLS certificate errors will be ignored for this session
JavaScript warning: http://magentofinal.mytriorings.com/js/varien/product.js, line 485: unreachable code after return statement
JavaScript warning: http://magentofinal.mytriorings.com/js/varien/configurable.js, line 291: unreachable code after return statement
JavaScript warning: http://magentofinal.mytriorings.com/js/calendar/calendar.js, line 138: unreachable code after return statement
JavaScript warning: http://magentofinal.mytriorings.com/js/varien/product.js, line 485: unreachable code after return statement
JavaScript warning: http://magentofinal.mytriorings.com/js/varien/configurable.js, line 291: unreachable code after return statement
JavaScript warning: http://magentofinal.mytriorings.com/js/calendar/calendar.js, line 138: unreachable code after return statement
JavaScript warning: http://magentofinal.mytriorings.com/js/varien/product.js, line 485: unreachable code after return statement
JavaScript warning: http://magentofinal.mytriorings.com/js/varien/configurable.js, line 291: unreachable code after return statement
JavaScript warning: http://magentofinal.mytriorings.com/js/calendar/calendar.js, line 138: unreachable code after return statement
JavaScript warning: http://magentofinal.mytriorings.com/js/varien/product.js, line 485: unreachable code after return statement
JavaScript warning: http://magentofinal.mytriorings.com/js/varien/configurable.js, line 291: unreachable code after return statement
JavaScript warning: http://magentofinal.mytriorings.com/js/calendar/calendar.js, line 138: unreachable code after return statement
JavaScript warning: http://magentofinal.mytriorings.com/js/varien/product.js, line 485: unreachable code after return statement
JavaScript warning: http://magentofinal.mytriorings.com/js/varien/configurable.js, line 291: unreachable code after return statement
JavaScript warning: http://magentofinal.mytriorings.com/js/calendar/calendar.js, line 138: unreachable code after return statement
JavaScript warning: http://magentofinal.mytriorings.com/js/varien/product.js, line 485: unreachable code after return statement
JavaScript warning: http://magentofinal.mytriorings.com/js/varien/configurable.js, line 291: unreachable code after return statement
JavaScript warning: http://magentofinal.mytriorings.com/js/calendar/calendar.js, line 138: unreachable code after return statement
JavaScript warning: http://magentofinal.mytriorings.com/js/varien/product.js, line 485: unreachable code after return statement
JavaScript warning: http://magentofinal.mytriorings.com/js/varien/configurable.js, line 291: unreachable code after return statement
JavaScript warning: http://magentofinal.mytriorings.com/js/calendar/calendar.js, line 138: unreachable code after return statement
JavaScript warning: http://magentofinal.mytriorings.com/js/varien/product.js, line 485: unreachable code after return statement
JavaScript warning: http://magentofinal.mytriorings.com/js/varien/configurable.js, line 291: unreachable code after return statement
JavaScript warning: http://magentofinal.mytriorings.com/js/calendar/calendar.js, line 138: unreachable code after return statement
JavaScript warning: http://magentofinal.mytriorings.com/js/varien/product.js, line 485: unreachable code after return statement
JavaScript warning: http://magentofinal.mytriorings.com/js/varien/configurable.js, line 291: unreachable code after return statement
JavaScript warning: http://magentofinal.mytriorings.com/js/calendar/calendar.js, line 138: unreachable code after return statement
JavaScript warning: http://magentofinal.mytriorings.com/js/varien/product.js, line 485: unreachable code after return statement
JavaScript warning: http://magentofinal.mytriorings.com/js/varien/configurable.js, line 291: unreachable code after return statement
JavaScript warning: http://magentofinal.mytriorings.com/js/calendar/calendar.js, line 138: unreachable code after return statement
JavaScript warning: http://magentofinal.mytriorings.com/js/varien/product.js, line 485: unreachable code after return statement
JavaScript warning: http://magentofinal.mytriorings.com/js/varien/configurable.js, line 291: unreachable code after return statement
JavaScript warning: http://magentofinal.mytriorings.com/js/calendar/calendar.js, line 138: unreachable code after return statement
JavaScript warning: http://magentofinal.mytriorings.com/js/varien/product.js, line 485: unreachable code after return statement
JavaScript warning: http://magentofinal.mytriorings.com/js/varien/configurable.js, line 291: unreachable code after return statement
JavaScript warning: http://magentofinal.mytriorings.com/js/calendar/calendar.js, line 138: unreachable code after return statement
JavaScript warning: http://magentofinal.mytriorings.com/js/varien/product.js, line 485: unreachable code after return statement
JavaScript warning: http://magentofinal.mytriorings.com/js/varien/configurable.js, line 291: unreachable code after return statement
JavaScript warning: http://magentofinal.mytriorings.com/js/calendar/calendar.js, line 138: unreachable code after return statement
JavaScript warning: http://magentofinal.mytriorings.com/js/varien/product.js, line 485: unreachable code after return statement
JavaScript warning: http://magentofinal.mytriorings.com/js/varien/configurable.js, line 291: unreachable code after return statement
JavaScript warning: http://magentofinal.mytriorings.com/js/calendar/calendar.js, line 138: unreachable code after return statement
JavaScript warning: http://magentofinal.mytriorings.com/js/varien/product.js, line 485: unreachable code after return statement
JavaScript warning: http://magentofinal.mytriorings.com/js/varien/configurable.js, line 291: unreachable code after return statement
JavaScript warning: http://magentofinal.mytriorings.com/js/calendar/calendar.js, line 138: unreachable code after return statement
JavaScript warning: http://magentofinal.mytriorings.com/js/varien/product.js, line 485: unreachable code after return statement
JavaScript warning: http://magentofinal.mytriorings.com/js/varien/configurable.js, line 291: unreachable code after return statement
JavaScript warning: http://magentofinal.mytriorings.com/js/calendar/calendar.js, line 138: unreachable code after return statement
JavaScript warning: http://magentofinal.mytriorings.com/js/varien/product.js, line 485: unreachable code after return statement
JavaScript warning: http://magentofinal.mytriorings.com/js/varien/configurable.js, line 291: unreachable code after return statement
JavaScript warning: http://magentofinal.mytriorings.com/js/calendar/calendar.js, line 138: unreachable code after return statement
JavaScript warning: http://magentofinal.mytriorings.com/js/varien/product.js, line 485: unreachable code after return statement
JavaScript warning: http://magentofinal.mytriorings.com/js/varien/configurable.js, line 291: unreachable code after return statement
JavaScript warning: http://magentofinal.mytriorings.com/js/calendar/calendar.js, line 138: unreachable code after return statement
JavaScript warning: http://magentofinal.mytriorings.com/js/varien/product.js, line 485: unreachable code after return statement
JavaScript warning: http://magentofinal.mytriorings.com/js/varien/configurable.js, line 291: unreachable code after return statement
JavaScript warning: http://magentofinal.mytriorings.com/js/calendar/calendar.js, line 138: unreachable code after return statement
JavaScript warning: http://magentofinal.mytriorings.com/js/varien/product.js, line 485: unreachable code after return statement
JavaScript warning: http://magentofinal.mytriorings.com/js/varien/configurable.js, line 291: unreachable code after return statement
JavaScript warning: http://magentofinal.mytriorings.com/js/calendar/calendar.js, line 138: unreachable code after return statement
1501158702966	Marionette	INFO	New connections will no longer be accepted
1501159249634	geckodriver	INFO	geckodriver 0.18.0
1501159249636	geckodriver	INFO	Listening on 127.0.0.1:59965
1501159249712	geckodriver::marionette	INFO	Starting browser /usr/bin/firefox with args ["-marionette"]
1501159251491	Marionette	INFO	Listening on port 36406
1501159251535	Marionette	WARN	TLS certificate errors will be ignored for this session
JavaScript warning: http://magentofinal.mytriorings.com/js/varien/product.js, line 485: unreachable code after return statement
JavaScript warning: http://magentofinal.mytriorings.com/js/varien/configurable.js, line 291: unreachable code after return statement
JavaScript warning: http://magentofinal.mytriorings.com/js/calendar/calendar.js, line 138: unreachable code after return statement
